{"target": -19.231870916666665, "params": {"x": 4.17022004702574, "y": 7.203244934421581}, "datetime": {"datetime": "2025-01-17 15:48:31", "elapsed": 0.0, "delta": 0.0}}
{"target": -19.231870916666665, "params": {"x": 0.0011437481734488664, "y": 3.0233257263183977}, "datetime": {"datetime": "2025-01-17 15:48:31", "elapsed": 0.006467, "delta": 0.006467}}
{"target": -19.231870916666665, "params": {"x": 1.4675589081711304, "y": 0.923385947687978}, "datetime": {"datetime": "2025-01-17 15:48:31", "elapsed": 0.012109, "delta": 0.005642}}
{"target": -19.231870916666665, "params": {"x": 9.972445182703199, "y": 9.93903389860768}, "datetime": {"datetime": "2025-01-17 15:48:31", "elapsed": 0.057345, "delta": 0.045236}}
{"target": -19.231870916666665, "params": {"x": 9.943042470136376, "y": 0.10240188991409438}, "datetime": {"datetime": "2025-01-17 15:48:31", "elapsed": 0.094402, "delta": 0.037057}}
{"target": -19.231870916666665, "params": {"x": 0.055514636637039594, "y": 9.927113215498407}, "datetime": {"datetime": "2025-01-17 15:48:31", "elapsed": 0.139439, "delta": 0.045037}}
{"target": -19.231870916666665, "params": {"x": 9.970253893032835, "y": 0.04086403188559351}, "datetime": {"datetime": "2025-01-17 15:48:31", "elapsed": 0.172977, "delta": 0.033538}}
{"target": -19.231870916666665, "params": {"x": 3.956274121597614, "y": 1.6145817185462041}, "datetime": {"datetime": "2025-01-17 15:48:31", "elapsed": 0.193226, "delta": 0.020249}}
{"target": -19.231870916666665, "params": {"x": 9.970078955092761, "y": 9.973106640340486}, "datetime": {"datetime": "2025-01-17 15:48:31", "elapsed": 0.219777, "delta": 0.026551}}
{"target": -19.231870916666665, "params": {"x": 0.04268549792383447, "y": 9.83621840204409}, "datetime": {"datetime": "2025-01-17 15:48:31", "elapsed": 0.250338, "delta": 0.030561}}
{"target": -19.231870916666665, "params": {"x": 6.098995116563268, "y": 3.9287569647191223}, "datetime": {"datetime": "2025-01-17 15:48:31", "elapsed": 0.271577, "delta": 0.021239}}
{"target": -19.231870916666665, "params": {"x": 5.532013112905608, "y": 7.020481994531945}, "datetime": {"datetime": "2025-01-17 15:48:31", "elapsed": 0.292508, "delta": 0.020931}}
{"target": -19.231870916666665, "params": {"x": 1.4844484478316033, "y": 4.066836824442297}, "datetime": {"datetime": "2025-01-17 15:48:31", "elapsed": 0.314197, "delta": 0.021689}}
