{"target": -19.231870916666665, "params": {"x": 4.17022004702574, "y": 7.203244934421581}, "datetime": {"datetime": "2025-01-14 17:09:06", "elapsed": 0.0, "delta": 0.0}}
{"target": -19.231870916666665, "params": {"x": 0.0011437481734488664, "y": 3.0233257263183977}, "datetime": {"datetime": "2025-01-14 17:09:06", "elapsed": 0.007614, "delta": 0.007614}}
{"target": -19.231870916666665, "params": {"x": 1.4675589081711304, "y": 0.923385947687978}, "datetime": {"datetime": "2025-01-14 17:09:06", "elapsed": 0.012516, "delta": 0.004902}}
{"target": -19.231870916666665, "params": {"x": 1.862602113776709, "y": 3.4556072704304777}, "datetime": {"datetime": "2025-01-14 17:09:06", "elapsed": 0.016363, "delta": 0.003847}}
{"target": -19.231870916666665, "params": {"x": 3.9676747423066994, "y": 5.3881673400335695}, "datetime": {"datetime": "2025-01-14 17:09:06", "elapsed": 0.020636, "delta": 0.004273}}
{"target": -19.231870916666665, "params": {"x": 9.972445182703199, "y": 9.93903389860768}, "datetime": {"datetime": "2025-01-14 17:09:06", "elapsed": 0.063645, "delta": 0.043009}}
{"target": -19.231870916666665, "params": {"x": 9.943042470136376, "y": 0.10240188991409438}, "datetime": {"datetime": "2025-01-14 17:09:06", "elapsed": 0.098253, "delta": 0.034608}}
{"target": -19.231870916666665, "params": {"x": 1.4930671317372957, "y": 6.288117640027626}, "datetime": {"datetime": "2025-01-14 17:09:06", "elapsed": 0.11629, "delta": 0.018037}}
{"target": -19.231870916666665, "params": {"x": 9.935621769226588, "y": 9.934352561751593}, "datetime": {"datetime": "2025-01-14 17:09:06", "elapsed": 0.153523, "delta": 0.037233}}
{"target": -19.231870916666665, "params": {"x": 9.990508271734749, "y": 0.09219313071638702}, "datetime": {"datetime": "2025-01-14 17:09:06", "elapsed": 0.200083, "delta": 0.04656}}
